0 info it worked if it ends with ok
1 verbose cli [ 'C:\\Program Files (x86)\\nodejs\\node.exe',
1 verbose cli   'C:\\Program Files (x86)\\nodejs\\node_modules\\npm\\bin\\npm-cli.js',
1 verbose cli   'install',
1 verbose cli   'zipper' ]
2 info using npm@2.7.4
3 info using node@v4.2.1
4 silly cache add args [ 'zipper', null ]
5 verbose cache add spec zipper
6 silly cache add parsed spec Result {
6 silly cache add   raw: 'zipper',
6 silly cache add   scope: null,
6 silly cache add   name: 'zipper',
6 silly cache add   rawSpec: '',
6 silly cache add   spec: '*',
6 silly cache add   type: 'range' }
7 verbose addNamed zipper@*
8 silly addNamed semver.valid null
9 silly addNamed semver.validRange *
10 silly addNameRange { name: 'zipper', range: '*', hasData: false }
11 silly mapToRegistry name zipper
12 silly mapToRegistry using default registry
13 silly mapToRegistry registry https://registry.npmjs.org/
14 silly mapToRegistry uri https://registry.npmjs.org/zipper
15 verbose addNameRange registry:https://registry.npmjs.org/zipper not in flight; fetching
16 verbose request uri https://registry.npmjs.org/zipper
17 verbose request no auth needed
18 info attempt registry request try #1 at 23:01:45
19 verbose request id b40bbfc58c3e5781
20 verbose etag "8C9F7QGD4AXP9DXJTEIJ4P1AS"
21 http request GET https://registry.npmjs.org/zipper
22 http 304 https://registry.npmjs.org/zipper
23 silly get cb [ 304,
23 silly get   { date: 'Wed, 09 Mar 2016 02:01:46 GMT',
23 silly get     via: '1.1 varnish',
23 silly get     'cache-control': 'max-age=300',
23 silly get     etag: '"8C9F7QGD4AXP9DXJTEIJ4P1AS"',
23 silly get     age: '0',
23 silly get     connection: 'keep-alive',
23 silly get     'x-served-by': 'cache-iad2122-IAD',
23 silly get     'x-cache': 'MISS',
23 silly get     'x-cache-hits': '0',
23 silly get     'x-timer': 'S1457488906.924304,VS0,VE405',
23 silly get     vary: 'Accept' } ]
24 verbose etag https://registry.npmjs.org/zipper from cache
25 verbose get saving zipper to C:\Users\Ritter\AppData\Roaming\npm-cache\registry.npmjs.org\zipper\.cache.json
26 silly addNameRange number 2 { name: 'zipper', range: '*', hasData: true }
27 silly addNameRange versions [ 'zipper',
27 silly addNameRange   [ '0.0.1', '0.0.2', '0.1.0', '0.1.1', '0.1.2', '0.2.0', '0.3.0' ] ]
28 verbose addNamed zipper@0.3.0
29 silly addNamed semver.valid 0.3.0
30 silly addNamed semver.validRange 0.3.0
31 silly cache afterAdd zipper@0.3.0
32 verbose afterAdd C:\Users\Ritter\AppData\Roaming\npm-cache\zipper\0.3.0\package\package.json not in flight; writing
33 verbose afterAdd C:\Users\Ritter\AppData\Roaming\npm-cache\zipper\0.3.0\package\package.json written
34 silly install resolved [ { name: 'zipper',
34 silly install resolved     version: '0.3.0',
34 silly install resolved     main: './lib/index.js',
34 silly install resolved     description: 'Insanely simple zipfile creator for node.js',
34 silly install resolved     keywords: [ 'zip', 'compress', 'archive', 'libzip' ],
34 silly install resolved     url: 'http://github.com/rubenv/zipper',
34 silly install resolved     repositories: [ [Object] ],
34 silly install resolved     author: { name: 'Ruben Vermeersch', email: 'ruben@savanne.be' },
34 silly install resolved     contributors: [],
34 silly install resolved     licenses: [ [Object] ],
34 silly install resolved     dependencies: {},
34 silly install resolved     directories: { examples: 'examples', src: 'src' },
34 silly install resolved     engines: { node: '>=0.6.0 <0.12' },
34 silly install resolved     scripts: { install: 'make all', test: 'grunt test' },
34 silly install resolved     devDependencies:
34 silly install resolved      { grunt: '~0.4.1',
34 silly install resolved        'grunt-contrib-jshint': '~0.2.0',
34 silly install resolved        'grunt-mkdir': '~0.1.1',
34 silly install resolved        'grunt-contrib-clean': '~0.4.0',
34 silly install resolved        'grunt-release': '~0.3.1',
34 silly install resolved        'grunt-contrib-watch': '~0.3.1',
34 silly install resolved        'grunt-mocha-cli': '~1.0.1',
34 silly install resolved        'coffee-script': '~1.6.1' },
34 silly install resolved     readme: '  Insanely simple zipfile creator for node.js.\n\n  [![Build Status](https://travis-ci.org/rubenv/zipper.png?branch=master)](https://travis-ci.org/rubenv/zipper)\n\n  Developed by Flow Pilots: http://www.flowpilots.com/\n\n# Usage\n\n    zipper = require(\'zipper\').Zipper;\n\n    var zipfile = new zipper(\'/path/to/my/zipfile.zip\');\n    zipfile.addFile(\'myfile.txt\', \'/path/to/myfile.txt\', function (err) {\n        if (err) throw err;\n        // Do stuff\n    });\n\n  The zip file will be created if it does not exist already.\n\n## Installation\n\n  You can install the latest tag via npm:\n  \n    $ npm install zipper\n\n  Be sure to install `libzip-devel` (Fedora etc.) or `libzip-dev` (Ubuntu etc.)\n  before installing on Linux.\n\n## Credits\n\n  Inspired by node-zipfile (written by Dane Springmeyer).\n',
34 silly install resolved     readmeFilename: 'README.md',
34 silly install resolved     _id: 'zipper@0.3.0',
34 silly install resolved     dist:
34 silly install resolved      { shasum: '88577283d56b2dc8d71795c363e66d5e52723be2',
34 silly install resolved        tarball: 'http://registry.npmjs.org/zipper/-/zipper-0.3.0.tgz' },
34 silly install resolved     _from: 'zipper@*',
34 silly install resolved     _npmVersion: '1.2.17',
34 silly install resolved     _npmUser: { name: 'rubenv', email: 'ruben@savanne.be' },
34 silly install resolved     maintainers: [ [Object] ],
34 silly install resolved     _shasum: '88577283d56b2dc8d71795c363e66d5e52723be2',
34 silly install resolved     _resolved: 'https://registry.npmjs.org/zipper/-/zipper-0.3.0.tgz',
34 silly install resolved     repository: { type: 'git', url: 'git://github.com/rubenv/zipper.git' },
34 silly install resolved     bugs: { url: 'https://github.com/rubenv/zipper/issues' },
34 silly install resolved     homepage: 'https://github.com/rubenv/zipper' } ]
35 info install zipper@0.3.0 into E:\Eduardo Fit\GitHub\Nodejs\Aula
36 info installOne zipper@0.3.0
37 verbose installOne of zipper to E:\Eduardo Fit\GitHub\Nodejs\Aula not in flight; installing
38 verbose lock using C:\Users\Ritter\AppData\Roaming\npm-cache\_locks\zipper-c92b8e6db8dfc91c.lock for E:\Eduardo Fit\GitHub\Nodejs\Aula\node_modules\zipper
39 warn engine zipper@0.3.0: wanted: {"node":">=0.6.0 <0.12"} (current: {"node":"4.2.1","npm":"2.7.4"})
40 silly install write writing zipper 0.3.0 to E:\Eduardo Fit\GitHub\Nodejs\Aula\node_modules\zipper
41 silly cache addNamed cb zipper@0.3.0
42 verbose unbuild node_modules\zipper
43 silly gentlyRm E:\Eduardo Fit\GitHub\Nodejs\Aula\node_modules\zipper is being purged from base E:\Eduardo Fit\GitHub\Nodejs\Aula
44 verbose gentlyRm don't care about contents; nuking E:\Eduardo Fit\GitHub\Nodejs\Aula\node_modules\zipper
45 verbose tar unpack C:\Users\Ritter\AppData\Roaming\npm-cache\zipper\0.3.0\package.tgz
46 verbose tar unpacking to E:\Eduardo Fit\GitHub\Nodejs\Aula\node_modules\zipper
47 silly gentlyRm E:\Eduardo Fit\GitHub\Nodejs\Aula\node_modules\zipper is being purged
48 verbose gentlyRm don't care about contents; nuking E:\Eduardo Fit\GitHub\Nodejs\Aula\node_modules\zipper
49 silly gunzTarPerm modes [ '777', '666' ]
50 silly gunzTarPerm extractEntry package.json
51 silly gunzTarPerm modified mode [ 'package.json', 420, 438 ]
52 silly gunzTarPerm extractEntry .npmignore
53 silly gunzTarPerm modified mode [ '.npmignore', 420, 438 ]
54 silly gunzTarPerm extractEntry README.md
55 silly gunzTarPerm modified mode [ 'README.md', 420, 438 ]
56 silly gunzTarPerm extractEntry binding.gyp
57 silly gunzTarPerm modified mode [ 'binding.gyp', 420, 438 ]
58 silly gunzTarPerm extractEntry LICENSE.txt
59 silly gunzTarPerm modified mode [ 'LICENSE.txt', 420, 438 ]
60 silly gunzTarPerm extractEntry Makefile
61 silly gunzTarPerm modified mode [ 'Makefile', 493, 511 ]
62 silly gunzTarPerm extractEntry .jshintrc
63 silly gunzTarPerm modified mode [ '.jshintrc', 420, 438 ]
64 silly gunzTarPerm extractEntry .travis.yml
65 silly gunzTarPerm modified mode [ '.travis.yml', 420, 438 ]
66 silly gunzTarPerm extractEntry deps/build-libzip.sh
67 silly gunzTarPerm modified mode [ 'deps/build-libzip.sh', 493, 511 ]
68 silly gunzTarPerm extractEntry deps/libzip-0.10.tar.bz2
69 silly gunzTarPerm modified mode [ 'deps/libzip-0.10.tar.bz2', 420, 438 ]
70 silly gunzTarPerm extractEntry examples/test.js
71 silly gunzTarPerm modified mode [ 'examples/test.js', 420, 438 ]
72 silly gunzTarPerm extractEntry lib/index.js
73 silly gunzTarPerm modified mode [ 'lib/index.js', 420, 438 ]
74 silly gunzTarPerm extractEntry lib/zipper.js
75 silly gunzTarPerm modified mode [ 'lib/zipper.js', 420, 438 ]
76 silly gunzTarPerm extractEntry Gruntfile.coffee
77 silly gunzTarPerm modified mode [ 'Gruntfile.coffee', 420, 438 ]
78 silly gunzTarPerm extractEntry src/_zipper.cc
79 silly gunzTarPerm modified mode [ 'src/_zipper.cc', 420, 438 ]
80 silly gunzTarPerm extractEntry src/zipper.cpp
81 silly gunzTarPerm modified mode [ 'src/zipper.cpp', 420, 438 ]
82 silly gunzTarPerm extractEntry src/zipper.hpp
83 silly gunzTarPerm modified mode [ 'src/zipper.hpp', 420, 438 ]
84 silly gunzTarPerm extractEntry test/addfile_test.coffee
85 silly gunzTarPerm modified mode [ 'test/addfile_test.coffee', 420, 438 ]
86 silly gunzTarPerm extractEntry test/common.coffee
87 silly gunzTarPerm modified mode [ 'test/common.coffee', 420, 438 ]
88 silly gunzTarPerm extractEntry test/sample-files/test.txt
89 silly gunzTarPerm modified mode [ 'test/sample-files/test.txt', 420, 438 ]
90 info preinstall zipper@0.3.0
91 silly install resolved []
92 verbose about to build E:\Eduardo Fit\GitHub\Nodejs\Aula\node_modules\zipper
93 info build E:\Eduardo Fit\GitHub\Nodejs\Aula\node_modules\zipper
94 verbose linkStuff [ false,
94 verbose linkStuff   false,
94 verbose linkStuff   false,
94 verbose linkStuff   'E:\\Eduardo Fit\\GitHub\\Nodejs\\Aula\\node_modules' ]
95 info linkStuff zipper@0.3.0
96 verbose linkBins zipper@0.3.0
97 verbose linkMans zipper@0.3.0
98 verbose rebuildBundles zipper@0.3.0
99 info install zipper@0.3.0
100 verbose unsafe-perm in lifecycle true
101 info zipper@0.3.0 Failed to exec install script
102 verbose unlock done using C:\Users\Ritter\AppData\Roaming\npm-cache\_locks\zipper-c92b8e6db8dfc91c.lock for E:\Eduardo Fit\GitHub\Nodejs\Aula\node_modules\zipper
103 verbose stack Error: zipper@0.3.0 install: `make all`
103 verbose stack Exit status 1
103 verbose stack     at EventEmitter.<anonymous> (C:\Program Files (x86)\nodejs\node_modules\npm\lib\utils\lifecycle.js:213:16)
103 verbose stack     at emitTwo (events.js:87:13)
103 verbose stack     at EventEmitter.emit (events.js:172:7)
103 verbose stack     at ChildProcess.<anonymous> (C:\Program Files (x86)\nodejs\node_modules\npm\lib\utils\spawn.js:14:12)
103 verbose stack     at emitTwo (events.js:87:13)
103 verbose stack     at ChildProcess.emit (events.js:172:7)
103 verbose stack     at maybeClose (internal/child_process.js:818:16)
103 verbose stack     at Process.ChildProcess._handle.onexit (internal/child_process.js:211:5)
104 verbose pkgid zipper@0.3.0
105 verbose cwd E:\Eduardo Fit\GitHub\Nodejs\Aula
106 error Windows_NT 10.0.10586
107 error argv "C:\\Program Files (x86)\\nodejs\\node.exe" "C:\\Program Files (x86)\\nodejs\\node_modules\\npm\\bin\\npm-cli.js" "install" "zipper"
108 error node v4.2.1
109 error npm  v2.7.4
110 error code ELIFECYCLE
111 error zipper@0.3.0 install: `make all`
111 error Exit status 1
112 error Failed at the zipper@0.3.0 install script 'make all'.
112 error This is most likely a problem with the zipper package,
112 error not with npm itself.
112 error Tell the author that this fails on your system:
112 error     make all
112 error You can get their info via:
112 error     npm owner ls zipper
112 error There is likely additional logging output above.
113 verbose exit [ 1, true ]
114 verbose unbuild node_modules\zipper
115 info preuninstall zipper@0.3.0
116 info uninstall zipper@0.3.0
117 verbose unbuild rmStuff zipper@0.3.0 from E:\Eduardo Fit\GitHub\Nodejs\Aula\node_modules
118 info postuninstall zipper@0.3.0
119 silly gentlyRm E:\Eduardo Fit\GitHub\Nodejs\Aula\node_modules\zipper is being purged from base E:\Eduardo Fit\GitHub\Nodejs\Aula
120 verbose gentlyRm don't care about contents; nuking E:\Eduardo Fit\GitHub\Nodejs\Aula\node_modules\zipper
121 silly vacuum-fs purging E:\Eduardo Fit\GitHub\Nodejs\Aula\node_modules\zipper
122 silly vacuum-fs removing E:\Eduardo Fit\GitHub\Nodejs\Aula\node_modules
123 silly vacuum-fs finished vacuuming up to E:\Eduardo Fit\GitHub\Nodejs\Aula
